<?xml version="1.0" encoding="UTF-8"?>
<!-- Generated by org.testng.reporters.JUnitXMLReporter -->
<testsuite ignored="0" hostname="DESKTOP-7RUH0IV" failures="0" tests="4" name="Default test" time="3.869" errors="0" timestamp="2024-09-04T11:37:21 PDT">
  <testcase classname="homepage.myTestCases" name="CheckTheDefultLanguageIsEnglish" time="0.045"/>
  <testcase classname="homepage.myTestCases" name="CheckdefultCurrency" time="0.049"/>
  <testcase classname="homepage.myTestCases" name="checkContantNumber" time="0.026"/>
  <testcase classname="homepage.myTestCases" name="CheckQitafLogo" time="0.063"/>
</testsuite> <!-- Default test -->
