<?xml version="1.0" encoding="UTF-8"?>
<testng-results ignored="0" total="11" passed="11" failed="0" skipped="0">
  <reporter-output>
  </reporter-output>
  <suite started-at="2024-09-07T13:37:19 PDT" name="Default suite" finished-at="2024-09-07T13:37:59 PDT" duration-ms="40487">
    <groups>
    </groups>
    <test started-at="2024-09-07T13:37:19 PDT" name="Default test" finished-at="2024-09-07T13:37:59 PDT" duration-ms="40487">
      <class name="homepage.myTestCases">
        <test-method is-config="true" signature="mySetUp()[pri:0, instance:homepage.myTestCases@475835b1]" started-at="2024-09-07T13:37:19 PDT" name="mySetUp" finished-at="2024-09-07T13:37:24 PDT" duration-ms="4959" status="PASS">
          <reporter-output>
          </reporter-output>
        </test-method> <!-- mySetUp -->
        <test-method signature="CheckTheDefultLanguageIsEnglish()[pri:1, instance:homepage.myTestCases@475835b1]" started-at="2024-09-07T13:37:24 PDT" name="CheckTheDefultLanguageIsEnglish" finished-at="2024-09-07T13:37:24 PDT" duration-ms="70" status="PASS">
          <reporter-output>
          </reporter-output>
        </test-method> <!-- CheckTheDefultLanguageIsEnglish -->
        <test-method signature="CheckdefultCurrency()[pri:2, instance:homepage.myTestCases@475835b1]" started-at="2024-09-07T13:37:24 PDT" name="CheckdefultCurrency" finished-at="2024-09-07T13:37:24 PDT" duration-ms="77" status="PASS">
          <reporter-output>
          </reporter-output>
        </test-method> <!-- CheckdefultCurrency -->
        <test-method signature="checkContantNumber()[pri:3, instance:homepage.myTestCases@475835b1]" started-at="2024-09-07T13:37:24 PDT" name="checkContantNumber" finished-at="2024-09-07T13:37:24 PDT" duration-ms="45" status="PASS">
          <reporter-output>
          </reporter-output>
        </test-method> <!-- checkContantNumber -->
        <test-method signature="CheckQitafLogo()[pri:4, instance:homepage.myTestCases@475835b1]" started-at="2024-09-07T13:37:24 PDT" name="CheckQitafLogo" finished-at="2024-09-07T13:37:24 PDT" duration-ms="263" status="PASS">
          <reporter-output>
          </reporter-output>
        </test-method> <!-- CheckQitafLogo -->
        <test-method signature="TestHotelTabIsNotSelected()[pri:5, instance:homepage.myTestCases@475835b1]" started-at="2024-09-07T13:37:24 PDT" name="TestHotelTabIsNotSelected" finished-at="2024-09-07T13:37:25 PDT" duration-ms="55" status="PASS">
          <reporter-output>
          </reporter-output>
        </test-method> <!-- TestHotelTabIsNotSelected -->
        <test-method signature="CheckDepatureDate()[pri:6, instance:homepage.myTestCases@475835b1]" started-at="2024-09-07T13:37:25 PDT" name="CheckDepatureDate" finished-at="2024-09-07T13:37:26 PDT" duration-ms="1712" status="PASS">
          <reporter-output>
          </reporter-output>
        </test-method> <!-- CheckDepatureDate -->
        <test-method signature="RandomlyChangeTheLanguage()[pri:7, instance:homepage.myTestCases@475835b1]" started-at="2024-09-07T13:37:26 PDT" name="RandomlyChangeTheLanguage" finished-at="2024-09-07T13:37:29 PDT" duration-ms="2488" status="PASS">
          <reporter-output>
          </reporter-output>
        </test-method> <!-- RandomlyChangeTheLanguage -->
        <test-method signature="FillHotelTab()[pri:8, instance:homepage.myTestCases@475835b1]" started-at="2024-09-07T13:37:29 PDT" name="FillHotelTab" finished-at="2024-09-07T13:37:31 PDT" duration-ms="2396" status="PASS">
          <reporter-output>
          </reporter-output>
        </test-method> <!-- FillHotelTab -->
        <test-method signature="RandomlySelectTheNumberOfVisitors()[pri:9, instance:homepage.myTestCases@475835b1]" started-at="2024-09-07T13:37:31 PDT" name="RandomlySelectTheNumberOfVisitors" finished-at="2024-09-07T13:37:37 PDT" duration-ms="5805" status="PASS">
          <reporter-output>
          </reporter-output>
        </test-method> <!-- RandomlySelectTheNumberOfVisitors -->
        <test-method signature="checkThePageFullyLoaded()[pri:10, instance:homepage.myTestCases@475835b1]" started-at="2024-09-07T13:37:37 PDT" name="checkThePageFullyLoaded" finished-at="2024-09-07T13:37:58 PDT" duration-ms="21213" status="PASS">
          <reporter-output>
          </reporter-output>
        </test-method> <!-- checkThePageFullyLoaded -->
        <test-method signature="SortItemsLowestToHighestPrice()[pri:11, instance:homepage.myTestCases@475835b1]" started-at="2024-09-07T13:37:58 PDT" name="SortItemsLowestToHighestPrice" finished-at="2024-09-07T13:37:59 PDT" duration-ms="1290" status="PASS">
          <reporter-output>
          </reporter-output>
        </test-method> <!-- SortItemsLowestToHighestPrice -->
      </class> <!-- homepage.myTestCases -->
    </test> <!-- Default test -->
  </suite> <!-- Default suite -->
</testng-results>
